C:\Users\Brad\Documents\assessment_1\Golf.Web\dist\out-tsc\e2e\app.po.js
C:\Users\Brad\Documents\assessment_1\Golf.Web\dist\out-tsc\e2e\app.po.js.map
C:\Users\Brad\Documents\assessment_1\Golf.Web\dist\out-tsc\e2e\app.e2e-spec.js
C:\Users\Brad\Documents\assessment_1\Golf.Web\dist\out-tsc\e2e\app.e2e-spec.js.map
C:\Users\Brad\Documents\assessment_1\Golf.Web\dist\out-tsc\src\app\authenticate-xhr.backend.js
C:\Users\Brad\Documents\assessment_1\Golf.Web\dist\out-tsc\src\app\authenticate-xhr.backend.js.map
C:\Users\Brad\Documents\assessment_1\Golf.Web\dist\out-tsc\src\app\shared\models\credentials.interface.js
C:\Users\Brad\Documents\assessment_1\Golf.Web\dist\out-tsc\src\app\shared\models\credentials.interface.js.map
C:\Users\Brad\Documents\assessment_1\Golf.Web\dist\out-tsc\src\app\shared\models\user.registration.interface.js
C:\Users\Brad\Documents\assessment_1\Golf.Web\dist\out-tsc\src\app\shared\models\user.registration.interface.js.map
C:\Users\Brad\Documents\assessment_1\Golf.Web\dist\out-tsc\src\app\shared\utils\config.service.js
C:\Users\Brad\Documents\assessment_1\Golf.Web\dist\out-tsc\src\app\shared\utils\config.service.js.map
C:\Users\Brad\Documents\assessment_1\Golf.Web\dist\out-tsc\src\app\shared\services\base.service.js
C:\Users\Brad\Documents\assessment_1\Golf.Web\dist\out-tsc\src\app\shared\services\base.service.js.map
C:\Users\Brad\Documents\assessment_1\Golf.Web\dist\out-tsc\src\app\shared\services\user.service.js
C:\Users\Brad\Documents\assessment_1\Golf.Web\dist\out-tsc\src\app\shared\services\user.service.js.map
C:\Users\Brad\Documents\assessment_1\Golf.Web\dist\out-tsc\src\app\account\login-form\login-form.component.js
C:\Users\Brad\Documents\assessment_1\Golf.Web\dist\out-tsc\src\app\account\login-form\login-form.component.js.map
C:\Users\Brad\Documents\assessment_1\Golf.Web\dist\out-tsc\src\app\app.routing.js
C:\Users\Brad\Documents\assessment_1\Golf.Web\dist\out-tsc\src\app\app.routing.js.map
C:\Users\Brad\Documents\assessment_1\Golf.Web\dist\out-tsc\src\app\app.component.js
C:\Users\Brad\Documents\assessment_1\Golf.Web\dist\out-tsc\src\app\app.component.js.map
C:\Users\Brad\Documents\assessment_1\Golf.Web\dist\out-tsc\src\app\header\header.component.js
C:\Users\Brad\Documents\assessment_1\Golf.Web\dist\out-tsc\src\app\header\header.component.js.map
C:\Users\Brad\Documents\assessment_1\Golf.Web\dist\out-tsc\src\app\directives\focus.directive.js
C:\Users\Brad\Documents\assessment_1\Golf.Web\dist\out-tsc\src\app\directives\focus.directive.js.map
C:\Users\Brad\Documents\assessment_1\Golf.Web\dist\out-tsc\src\app\spinner\spinner.component.js
C:\Users\Brad\Documents\assessment_1\Golf.Web\dist\out-tsc\src\app\spinner\spinner.component.js.map
C:\Users\Brad\Documents\assessment_1\Golf.Web\dist\out-tsc\src\app\shared\modules\shared.module.js
C:\Users\Brad\Documents\assessment_1\Golf.Web\dist\out-tsc\src\app\shared\modules\shared.module.js.map
C:\Users\Brad\Documents\assessment_1\Golf.Web\dist\out-tsc\src\app\directives\email.validator.directive.js
C:\Users\Brad\Documents\assessment_1\Golf.Web\dist\out-tsc\src\app\directives\email.validator.directive.js.map
C:\Users\Brad\Documents\assessment_1\Golf.Web\dist\out-tsc\src\app\account\account.routing.js
C:\Users\Brad\Documents\assessment_1\Golf.Web\dist\out-tsc\src\app\account\account.routing.js.map
C:\Users\Brad\Documents\assessment_1\Golf.Web\dist\out-tsc\src\app\account\account.module.js
C:\Users\Brad\Documents\assessment_1\Golf.Web\dist\out-tsc\src\app\account\account.module.js.map
C:\Users\Brad\Documents\assessment_1\Golf.Web\dist\out-tsc\src\app\dashboard\root\root.component.js
C:\Users\Brad\Documents\assessment_1\Golf.Web\dist\out-tsc\src\app\dashboard\root\root.component.js.map
C:\Users\Brad\Documents\assessment_1\Golf.Web\dist\out-tsc\src\app\component.js
C:\Users\Brad\Documents\assessment_1\Golf.Web\dist\out-tsc\src\app\component.js.map
C:\Users\Brad\Documents\assessment_1\Golf.Web\dist\out-tsc\src\app\order.js
C:\Users\Brad\Documents\assessment_1\Golf.Web\dist\out-tsc\src\app\order.js.map
C:\Users\Brad\Documents\assessment_1\Golf.Web\dist\out-tsc\src\app\dashboard\services\dashboard.service.js
C:\Users\Brad\Documents\assessment_1\Golf.Web\dist\out-tsc\src\app\dashboard\services\dashboard.service.js.map
C:\Users\Brad\Documents\assessment_1\Golf.Web\dist\out-tsc\src\app\dashboard\home\home.component.js
C:\Users\Brad\Documents\assessment_1\Golf.Web\dist\out-tsc\src\app\dashboard\home\home.component.js.map
C:\Users\Brad\Documents\assessment_1\Golf.Web\dist\out-tsc\src\app\auth.guard.js
C:\Users\Brad\Documents\assessment_1\Golf.Web\dist\out-tsc\src\app\auth.guard.js.map
C:\Users\Brad\Documents\assessment_1\Golf.Web\dist\out-tsc\src\app\dashboard\orders\orders.component.js
C:\Users\Brad\Documents\assessment_1\Golf.Web\dist\out-tsc\src\app\dashboard\orders\orders.component.js.map
C:\Users\Brad\Documents\assessment_1\Golf.Web\dist\out-tsc\src\app\dashboard\order_add\order_add.component.js
C:\Users\Brad\Documents\assessment_1\Golf.Web\dist\out-tsc\src\app\dashboard\order_add\order_add.component.js.map
C:\Users\Brad\Documents\assessment_1\Golf.Web\dist\out-tsc\src\app\dashboard\order_edit\order_edit.component.js
C:\Users\Brad\Documents\assessment_1\Golf.Web\dist\out-tsc\src\app\dashboard\order_edit\order_edit.component.js.map
C:\Users\Brad\Documents\assessment_1\Golf.Web\dist\out-tsc\src\app\dashboard\components\components.component.js
C:\Users\Brad\Documents\assessment_1\Golf.Web\dist\out-tsc\src\app\dashboard\components\components.component.js.map
C:\Users\Brad\Documents\assessment_1\Golf.Web\dist\out-tsc\src\app\dashboard\component-add\component-add.component.js
C:\Users\Brad\Documents\assessment_1\Golf.Web\dist\out-tsc\src\app\dashboard\component-add\component-add.component.js.map
C:\Users\Brad\Documents\assessment_1\Golf.Web\dist\out-tsc\src\app\dashboard\component-edit\component-edit.component.js
C:\Users\Brad\Documents\assessment_1\Golf.Web\dist\out-tsc\src\app\dashboard\component-edit\component-edit.component.js.map
C:\Users\Brad\Documents\assessment_1\Golf.Web\dist\out-tsc\src\app\dashboard\import\import.component.js
C:\Users\Brad\Documents\assessment_1\Golf.Web\dist\out-tsc\src\app\dashboard\import\import.component.js.map
C:\Users\Brad\Documents\assessment_1\Golf.Web\dist\out-tsc\src\app\dashboard\dashboard.routing.js
C:\Users\Brad\Documents\assessment_1\Golf.Web\dist\out-tsc\src\app\dashboard\dashboard.routing.js.map
C:\Users\Brad\Documents\assessment_1\Golf.Web\dist\out-tsc\src\app\dashboard\dashboard.module.js
C:\Users\Brad\Documents\assessment_1\Golf.Web\dist\out-tsc\src\app\dashboard\dashboard.module.js.map
C:\Users\Brad\Documents\assessment_1\Golf.Web\dist\out-tsc\src\app\app.module.js
C:\Users\Brad\Documents\assessment_1\Golf.Web\dist\out-tsc\src\app\app.module.js.map
C:\Users\Brad\Documents\assessment_1\Golf.Web\dist\out-tsc\src\environments\environment.js
C:\Users\Brad\Documents\assessment_1\Golf.Web\dist\out-tsc\src\environments\environment.js.map
C:\Users\Brad\Documents\assessment_1\Golf.Web\dist\out-tsc\src\main.js
C:\Users\Brad\Documents\assessment_1\Golf.Web\dist\out-tsc\src\main.js.map
C:\Users\Brad\Documents\assessment_1\Golf.Web\dist\out-tsc\src\polyfills.js
C:\Users\Brad\Documents\assessment_1\Golf.Web\dist\out-tsc\src\polyfills.js.map
C:\Users\Brad\Documents\assessment_1\Golf.Web\dist\out-tsc\src\test.js
C:\Users\Brad\Documents\assessment_1\Golf.Web\dist\out-tsc\src\test.js.map
C:\Users\Brad\Documents\assessment_1\Golf.Web\dist\out-tsc\src\app\app.component.spec.js
C:\Users\Brad\Documents\assessment_1\Golf.Web\dist\out-tsc\src\app\app.component.spec.js.map
C:\Users\Brad\Documents\assessment_1\Golf.Web\dist\out-tsc\src\environments\environment.prod.js
C:\Users\Brad\Documents\assessment_1\Golf.Web\dist\out-tsc\src\environments\environment.prod.js.map
C:\Users\Brad\Documents\assessment_1\Golf.Web\dist\out-tsc\src\app\header\header.component.spec.js
C:\Users\Brad\Documents\assessment_1\Golf.Web\dist\out-tsc\src\app\header\header.component.spec.js.map
C:\Users\Brad\Documents\assessment_1\Golf.Web\dist\out-tsc\src\app\spinner\spinner.component.spec.js
C:\Users\Brad\Documents\assessment_1\Golf.Web\dist\out-tsc\src\app\spinner\spinner.component.spec.js.map
C:\Users\Brad\Documents\assessment_1\Golf.Web\dist\out-tsc\src\app\account\login-form\login-form.component.spec.js
C:\Users\Brad\Documents\assessment_1\Golf.Web\dist\out-tsc\src\app\account\login-form\login-form.component.spec.js.map
C:\Users\Brad\Documents\assessment_1\Golf.Web\dist\out-tsc\src\app\dashboard\component-add\component-add.component.spec.js
C:\Users\Brad\Documents\assessment_1\Golf.Web\dist\out-tsc\src\app\dashboard\component-add\component-add.component.spec.js.map
C:\Users\Brad\Documents\assessment_1\Golf.Web\dist\out-tsc\src\app\dashboard\component-edit\component-edit.component.spec.js
C:\Users\Brad\Documents\assessment_1\Golf.Web\dist\out-tsc\src\app\dashboard\component-edit\component-edit.component.spec.js.map
C:\Users\Brad\Documents\assessment_1\Golf.Web\dist\out-tsc\src\app\dashboard\components\components.component.spec.js
C:\Users\Brad\Documents\assessment_1\Golf.Web\dist\out-tsc\src\app\dashboard\components\components.component.spec.js.map
C:\Users\Brad\Documents\assessment_1\Golf.Web\dist\out-tsc\src\app\dashboard\home\home.component.spec.js
C:\Users\Brad\Documents\assessment_1\Golf.Web\dist\out-tsc\src\app\dashboard\home\home.component.spec.js.map
C:\Users\Brad\Documents\assessment_1\Golf.Web\dist\out-tsc\src\app\dashboard\import\import.component.spec.js
C:\Users\Brad\Documents\assessment_1\Golf.Web\dist\out-tsc\src\app\dashboard\import\import.component.spec.js.map
C:\Users\Brad\Documents\assessment_1\Golf.Web\dist\out-tsc\src\app\dashboard\orders\orders.component.spec.js
C:\Users\Brad\Documents\assessment_1\Golf.Web\dist\out-tsc\src\app\dashboard\orders\orders.component.spec.js.map
C:\Users\Brad\Documents\assessment_1\Golf.Web\dist\out-tsc\src\app\dashboard\order_add\order_add.component.spec.js
C:\Users\Brad\Documents\assessment_1\Golf.Web\dist\out-tsc\src\app\dashboard\order_add\order_add.component.spec.js.map
C:\Users\Brad\Documents\assessment_1\Golf.Web\dist\out-tsc\src\app\dashboard\order_edit\order_edit.component.spec.js
C:\Users\Brad\Documents\assessment_1\Golf.Web\dist\out-tsc\src\app\dashboard\order_edit\order_edit.component.spec.js.map
C:\Users\Brad\Documents\assessment_1\Golf.Web\dist\out-tsc\src\app\dashboard\root\root.component.spec.js
C:\Users\Brad\Documents\assessment_1\Golf.Web\dist\out-tsc\src\app\dashboard\root\root.component.spec.js.map
